Determining if the pthread_create exist failed with the following output:
Change Dir: /usr/local/gym/catkin_ws/build/CMakeFiles/CMakeTmp

Run Build Command:"/usr/bin/make" "cmTC_0b027/fast"
/usr/bin/make -f CMakeFiles/cmTC_0b027.dir/build.make CMakeFiles/cmTC_0b027.dir/build
make[1]: Entering directory '/usr/local/gym/catkin_ws/build/CMakeFiles/CMakeTmp'
Building C object CMakeFiles/cmTC_0b027.dir/CheckSymbolExists.c.o
/usr/bin/cc     -o CMakeFiles/cmTC_0b027.dir/CheckSymbolExists.c.o   -c /usr/local/gym/catkin_ws/build/CMakeFiles/CMakeTmp/CheckSymbolExists.c
Linking C executable cmTC_0b027
/usr/bin/cmake -E cmake_link_script CMakeFiles/cmTC_0b027.dir/link.txt --verbose=1
/usr/bin/cc       CMakeFiles/cmTC_0b027.dir/CheckSymbolExists.c.o  -o cmTC_0b027 -rdynamic 
CMakeFiles/cmTC_0b027.dir/CheckSymbolExists.c.o: In function `main':
CheckSymbolExists.c:(.text+0x16): undefined reference to `pthread_create'
collect2: error: ld returned 1 exit status
CMakeFiles/cmTC_0b027.dir/build.make:97: recipe for target 'cmTC_0b027' failed
make[1]: *** [cmTC_0b027] Error 1
make[1]: Leaving directory '/usr/local/gym/catkin_ws/build/CMakeFiles/CMakeTmp'
Makefile:126: recipe for target 'cmTC_0b027/fast' failed
make: *** [cmTC_0b027/fast] Error 2

File /usr/local/gym/catkin_ws/build/CMakeFiles/CMakeTmp/CheckSymbolExists.c:
/* */
#include <pthread.h>

int main(int argc, char** argv)
{
  (void)argv;
#ifndef pthread_create
  return ((int*)(&pthread_create))[argc];
#else
  (void)argc;
  return 0;
#endif
}

Determining if the function pthread_create exists in the pthreads failed with the following output:
Change Dir: /usr/local/gym/catkin_ws/build/CMakeFiles/CMakeTmp

Run Build Command:"/usr/bin/make" "cmTC_4e861/fast"
/usr/bin/make -f CMakeFiles/cmTC_4e861.dir/build.make CMakeFiles/cmTC_4e861.dir/build
make[1]: Entering directory '/usr/local/gym/catkin_ws/build/CMakeFiles/CMakeTmp'
Building C object CMakeFiles/cmTC_4e861.dir/CheckFunctionExists.c.o
/usr/bin/cc    -DCHECK_FUNCTION_EXISTS=pthread_create   -o CMakeFiles/cmTC_4e861.dir/CheckFunctionExists.c.o   -c /usr/share/cmake-3.5/Modules/CheckFunctionExists.c
Linking C executable cmTC_4e861
/usr/bin/cmake -E cmake_link_script CMakeFiles/cmTC_4e861.dir/link.txt --verbose=1
/usr/bin/cc   -DCHECK_FUNCTION_EXISTS=pthread_create    CMakeFiles/cmTC_4e861.dir/CheckFunctionExists.c.o  -o cmTC_4e861 -rdynamic -lpthreads 
/usr/bin/ld: cannot find -lpthreads
collect2: error: ld returned 1 exit status
CMakeFiles/cmTC_4e861.dir/build.make:97: recipe for target 'cmTC_4e861' failed
make[1]: *** [cmTC_4e861] Error 1
make[1]: Leaving directory '/usr/local/gym/catkin_ws/build/CMakeFiles/CMakeTmp'
Makefile:126: recipe for target 'cmTC_4e861/fast' failed
make: *** [cmTC_4e861/fast] Error 2


